3 3 5 9 5 3 4 8 5 3 10 10 8 -1
node: 3
left: -1
right: -1
node:
left:
right:
node: 5
left: -1
right: -1
node: 5 9
left: -1 -1
right: 9 -1
node: 9
left: -1
right: -1
node: 3 9
left: -1 3
right: -1 -1
node: 3 4 9
left: -1 -1 3
right: 4 -1 -1
node: 3 4 8 9
left: -1 -1 -1 3
right: 4 8 -1 -1
node: 3 4 5 8 9
left: -1 -1 -1 5 3
right: 4 8 -1 -1 -1
node: 4 5 8 9
left: -1 -1 5 4
right: 8 -1 -1 -1
node: 4 5 8 9 10
left: -1 -1 5 4 -1
right: 8 -1 -1 10 -1
node: 4 5 8 9
left: -1 -1 5 4
right: 8 -1 -1 -1
node: 4 5 9
left: -1 -1 4
right: 5 -1 -1
ans: 4 5 9